<?xml version="1.0" encoding="UTF-8"?>
<testng-results skipped="0" failed="0" total="1" passed="1">
  <reporter-output>
  </reporter-output>
  <suite name="Suite" duration-ms="7482" started-at="2019-06-16T18:09:49Z" finished-at="2019-06-16T18:09:56Z">
    <groups>
    </groups>
    <test name="Test" duration-ms="7482" started-at="2019-06-16T18:09:49Z" finished-at="2019-06-16T18:09:56Z">
      <class name="FrameworkRestApi.com.eatcentral.Driverlogin">
        <test-method status="PASS" signature="apiengine()[pri:0, instance:FrameworkRestApi.com.eatcentral.Driverlogin@47b92]" name="apiengine" is-config="true" duration-ms="1781" started-at="2019-06-16T23:39:47Z" finished-at="2019-06-16T23:39:49Z">
          <reporter-output>
          </reporter-output>
        </test-method> <!-- apiengine -->
        <test-method status="PASS" signature="checkdriverloginwithvalidcredentials(java.util.Hashtable)[pri:0, instance:FrameworkRestApi.com.eatcentral.Driverlogin@47b92]" name="checkdriverloginwithvalidcredentials" duration-ms="7296" started-at="2019-06-16T23:39:49Z" data-provider="dp" finished-at="2019-06-16T23:39:56Z">
          <params>
            <param index="0">
              <value>
                <![CDATA[{password=asdfghjkl, email=akash1@mailinator.com, apitoken=1EAcwQsgEvqfGgZenWEJsvKEk3Fim6SmyjyJngb08wXqlyw8KRiF2qeitC6N, drivername=akash sri, message=Record found.}]]>
              </value>
            </param>
          </params>
          <reporter-output>
          </reporter-output>
        </test-method> <!-- checkdriverloginwithvalidcredentials -->
      </class> <!-- FrameworkRestApi.com.eatcentral.Driverlogin -->
    </test> <!-- Test -->
  </suite> <!-- Suite -->
</testng-results>
